2023-02-27 21:50:00,947 [INFO ] step_definitions.common_step_definition [main] Instantiation the commonutils
2023-02-27 21:50:00,965 [INFO ] step_definitions.common_step_definition [main] Launch Browser
2023-02-27 21:50:08,672 [INFO ] step_definitions.common_step_definition [main] Instantiation the commonutils
2023-02-27 21:50:08,674 [INFO ] step_definitions.common_step_definition [main] Launch Browser
2023-02-27 21:50:12,437 [INFO ] step_definitions.common_step_definition [main] Instantiation the commonutils
2023-02-27 21:50:12,438 [INFO ] step_definitions.common_step_definition [main] Launch Browser
2023-02-27 21:50:13,234 [INFO ] step_definitions.common_step_definition [main] Instantiation the commonutils
2023-02-27 21:50:13,235 [INFO ] step_definitions.common_step_definition [main] Launch Browser
2023-02-27 21:50:13,831 [INFO ] step_definitions.common_step_definition [main] Instantiation the commonutils
2023-02-27 21:50:13,832 [INFO ] step_definitions.common_step_definition [main] Launch Browser
2023-02-27 21:50:13,874 [INFO ] step_definitions.Registration_Stepdef [main] The user opens RegPage Page
2023-02-27 21:50:14,047 [INFO ] step_definitions.Registration_Stepdef [main] The user do not enter any values
2023-02-27 21:50:14,365 [INFO ] step_definitions.Registration_Stepdef [main] Error message is displayed Please fill out this field. an error below Username textbox
2023-02-27 21:50:14,484 [INFO ] step_definitions.common_step_definition [main] Instantiation the commonutils
2023-02-27 21:50:14,484 [INFO ] step_definitions.common_step_definition [main] Launch Browser
2023-02-27 21:50:14,561 [INFO ] step_definitions.Registration_Stepdef [main] The user opens RegPage Page
2023-02-27 21:50:14,925 [INFO ] step_definitions.Registration_Stepdef [main] The user enter valid username with other fields empty
2023-02-27 21:50:15,164 [INFO ] step_definitions.Registration_Stepdef [main] Error message is displayed Please fill out this field. an error below Password textbox
2023-02-27 21:50:15,307 [INFO ] step_definitions.common_step_definition [main] Instantiation the commonutils
2023-02-27 21:50:15,308 [INFO ] step_definitions.common_step_definition [main] Launch Browser
2023-02-27 21:50:15,335 [INFO ] step_definitions.Registration_Stepdef [main] The user opens RegPage Page
2023-02-27 21:50:15,834 [INFO ] step_definitions.Registration_Stepdef [main] Error message is displayed Please fill out this field. an error below Username textbox
2023-02-27 21:50:15,917 [INFO ] step_definitions.common_step_definition [main] Instantiation the commonutils
2023-02-27 21:50:15,917 [INFO ] step_definitions.common_step_definition [main] Launch Browser
2023-02-27 21:50:15,934 [INFO ] step_definitions.Registration_Stepdef [main] The user opens RegPage Page
2023-02-27 21:50:16,534 [INFO ] step_definitions.Registration_Stepdef [main] Expected Error message is as : Please enter a valid username
2023-02-27 21:50:16,576 [INFO ] step_definitions.Registration_Stepdef [main] Error message is displayed as : password_mismatch:The two password fields didn’t match.
2023-02-27 21:50:16,610 [INFO ] step_definitions.common_step_definition [main] Instantiation the commonutils
2023-02-27 21:50:16,611 [INFO ] step_definitions.common_step_definition [main] Launch Browser
2023-02-27 21:50:16,641 [INFO ] step_definitions.Registration_Stepdef [main] The user opens RegPage Page
2023-02-27 21:50:17,400 [INFO ] step_definitions.Registration_Stepdef [main] Expected Error message is as : password_mismatch:The two password fields didn’t match.
2023-02-27 21:50:17,439 [INFO ] step_definitions.Registration_Stepdef [main] Error message is displayed as : password_mismatch:The two password fields didn’t match.
2023-02-27 21:50:17,463 [INFO ] step_definitions.common_step_definition [main] Instantiation the commonutils
2023-02-27 21:50:17,464 [INFO ] step_definitions.common_step_definition [main] Launch Browser
2023-02-27 21:50:17,491 [INFO ] step_definitions.Registration_Stepdef [main] The user opens RegPage Page
2023-02-27 21:50:18,142 [INFO ] step_definitions.Registration_Stepdef [main] Expected Error message is as : Password should contain at least 8 characters
2023-02-27 21:50:18,167 [INFO ] step_definitions.Registration_Stepdef [main] Error message is displayed as : password_mismatch:The two password fields didn’t match.
2023-02-27 21:50:18,185 [INFO ] step_definitions.common_step_definition [main] Instantiation the commonutils
2023-02-27 21:50:18,185 [INFO ] step_definitions.common_step_definition [main] Launch Browser
2023-02-27 21:50:18,202 [INFO ] step_definitions.Registration_Stepdef [main] The user opens RegPage Page
2023-02-27 21:50:18,807 [INFO ] step_definitions.Registration_Stepdef [main] Expected Error message is as : Password can’t be entirely numeric.
2023-02-27 21:50:18,832 [INFO ] step_definitions.Registration_Stepdef [main] Error message is displayed as : password_mismatch:The two password fields didn’t match.
2023-02-27 21:50:18,856 [INFO ] step_definitions.common_step_definition [main] Instantiation the commonutils
2023-02-27 21:50:18,857 [INFO ] step_definitions.common_step_definition [main] Launch Browser
2023-02-27 21:50:18,909 [INFO ] step_definitions.Registration_Stepdef [main] The user opens RegPage Page
2023-02-27 21:50:19,436 [INFO ] step_definitions.Registration_Stepdef [main] Expected Error message is as : password can’t be too similar to your other personal information.
2023-02-27 21:50:19,484 [INFO ] step_definitions.Registration_Stepdef [main] Error message is displayed as : password_mismatch:The two password fields didn’t match.
2023-02-27 21:50:19,514 [INFO ] step_definitions.common_step_definition [main] Instantiation the commonutils
2023-02-27 21:50:19,515 [INFO ] step_definitions.common_step_definition [main] Launch Browser
2023-02-27 21:50:19,532 [INFO ] step_definitions.Registration_Stepdef [main] The user opens RegPage Page
2023-02-27 21:50:20,148 [INFO ] step_definitions.Registration_Stepdef [main] Expected Error message is as : Password can’t be commonly used password
2023-02-27 21:50:20,175 [INFO ] step_definitions.Registration_Stepdef [main] Error message is displayed as : password_mismatch:The two password fields didn’t match.
2023-02-27 21:50:20,198 [INFO ] step_definitions.common_step_definition [main] Instantiation the commonutils
2023-02-27 21:50:20,199 [INFO ] step_definitions.common_step_definition [main] Launch Browser
2023-02-27 21:50:20,205 [INFO ] step_definitions.Registration_Stepdef [main] The user opens RegPage Page
2023-02-27 21:50:20,802 [INFO ] step_definitions.Registration_Stepdef [main] User redirected to Homepage 
2023-02-27 21:50:20,812 [INFO ] step_definitions.Registration_Stepdef [main] Title of current page is : Registration
2023-02-27 21:50:20,837 [INFO ] step_definitions.common_step_definition [main] Instantiation the commonutils
2023-02-27 21:50:20,837 [INFO ] step_definitions.common_step_definition [main] Launch Browser
2023-02-27 21:50:20,844 [INFO ] step_definitions.Registration_Stepdef [main] The user opens RegPage Page
2023-02-27 21:50:21,463 [INFO ] step_definitions.Registration_Stepdef [main] Expected Error message is as : Username already exists
2023-02-27 21:50:21,496 [INFO ] step_definitions.Registration_Stepdef [main] Error message is displayed as : password_mismatch:The two password fields didn’t match.
2023-02-27 21:50:21,573 [INFO ] step_definitions.common_step_definition [main] Instantiation the commonutils
2023-02-27 21:50:21,574 [INFO ] step_definitions.common_step_definition [main] Launch Browser
2023-02-27 21:50:21,576 [INFO ] step_definitions.Signin_stepdef [main] Test_suit_signin01
2023-02-27 21:50:21,748 [INFO ] step_definitions.Signin_stepdef [main] User in signin page
2023-02-27 21:50:21,827 [INFO ] step_definitions.Signin_stepdef [main] User entered xx as username
2023-02-27 21:50:22,110 [INFO ] step_definitions.Signin_stepdef [main] User entered YY as pwd
2023-02-27 21:50:22,793 [INFO ] step_definitions.Signin_stepdef [main] User clicks on sigin button
2023-02-27 21:50:22,863 [INFO ] step_definitions.common_step_definition [main] Instantiation the commonutils
2023-02-27 21:50:22,864 [INFO ] step_definitions.common_step_definition [main] Launch Browser
2023-02-27 21:50:22,865 [INFO ] step_definitions.Signin_stepdef [main] Test_suit_signin02
2023-02-27 21:50:23,255 [INFO ] step_definitions.Signin_stepdef [main] User in signin page
2023-02-27 21:50:23,386 [INFO ] step_definitions.Signin_stepdef [main] User is in signin page
2023-02-27 21:50:23,424 [INFO ] step_definitions.common_step_definition [main] Instantiation the commonutils
2023-02-27 21:50:23,425 [INFO ] step_definitions.common_step_definition [main] Launch Browser
2023-02-27 21:50:23,425 [INFO ] step_definitions.Signin_stepdef [main] Test_suit_signin03
2023-02-27 21:50:24,008 [INFO ] step_definitions.Signin_stepdef [main] User in signin page
2023-02-27 21:50:24,135 [INFO ] step_definitions.Signin_stepdef [main] User is in signin page
2023-02-27 21:50:24,166 [INFO ] step_definitions.common_step_definition [main] Instantiation the commonutils
2023-02-27 21:50:24,167 [INFO ] step_definitions.common_step_definition [main] Launch Browser
2023-02-27 21:50:24,168 [INFO ] step_definitions.Signin_stepdef [main] Test_suit_signin04
2023-02-27 21:50:24,452 [INFO ] step_definitions.Signin_stepdef [main] User in signin page
2023-02-27 21:50:24,762 [INFO ] step_definitions.Signin_stepdef [main] User is in signin page
2023-02-27 21:50:24,796 [INFO ] step_definitions.common_step_definition [main] Instantiation the commonutils
2023-02-27 21:50:24,796 [INFO ] step_definitions.common_step_definition [main] Launch Browser
2023-02-27 21:50:26,492 [INFO ] step_definitions.Datastructure_Stepdef [main] User logged in sucessfully
2023-02-27 21:50:28,811 [INFO ] step_definitions.Datastructure_Stepdef [main] User click Timecomplexity page
2023-02-27 21:50:30,279 [INFO ] step_definitions.common_step_definition [main] Instantiation the commonutils
2023-02-27 21:50:30,280 [INFO ] step_definitions.common_step_definition [main] Launch Browser
2023-02-27 21:50:31,365 [INFO ] step_definitions.Datastructure_Stepdef [main] User logged in sucessfully
2023-02-27 21:50:31,588 [INFO ] step_definitions.Datastructure_Stepdef [main] User clicked the Time Complexity page link
2023-02-27 21:50:32,220 [INFO ] step_definitions.Datastructure_Stepdef [main] User clicked Time complexity in Dspage
2023-02-27 21:50:32,237 [INFO ] step_definitions.Datastructure_Stepdef [main] send text to editor print('dsalgo project test')
2023-02-27 21:50:33,449 [INFO ] step_definitions.Datastructure_Stepdef [main] Arraylist count :3
2023-02-27 21:50:34,331 [INFO ] step_definitions.common_step_definition [main] Instantiation the commonutils
2023-02-27 21:50:34,332 [INFO ] step_definitions.common_step_definition [main] Launch Browser
2023-02-27 21:50:37,632 [INFO ] step_definitions.Array_Stepdef [main] User logged in sucessfully
2023-02-27 21:50:38,013 [INFO ] step_definitions.Array_Stepdef [main] User clicked Arrays in Python
2023-02-27 21:50:38,020 [INFO ] step_definitions.Array_Stepdef [main] User in page arrays-in-python
2023-02-27 21:50:38,306 [INFO ] step_definitions.common_step_definition [main] Instantiation the commonutils
2023-02-27 21:50:38,307 [INFO ] step_definitions.common_step_definition [main] Launch Browser
2023-02-27 21:50:38,767 [INFO ] step_definitions.common_step_definition [main] Instantiation the commonutils
2023-02-27 21:50:38,767 [INFO ] step_definitions.common_step_definition [main] Launch Browser
2023-02-27 21:50:42,304 [INFO ] step_definitions.common_step_definition [main] Instantiation the commonutils
2023-02-27 21:50:42,308 [INFO ] step_definitions.common_step_definition [main] Launch Browser
2023-02-27 21:50:42,402 [INFO ] step_definitions.common_step_definition [main] Instantiation the commonutils
2023-02-27 21:50:42,403 [INFO ] step_definitions.common_step_definition [main] Launch Browser
2023-02-27 21:50:42,652 [INFO ] step_definitions.common_step_definition [main] Instantiation the commonutils
2023-02-27 21:50:42,663 [INFO ] step_definitions.common_step_definition [main] Launch Browser
2023-02-27 21:50:42,891 [INFO ] step_definitions.common_step_definition [main] Instantiation the commonutils
2023-02-27 21:50:42,892 [INFO ] step_definitions.common_step_definition [main] Launch Browser
2023-02-27 21:50:43,144 [INFO ] step_definitions.common_step_definition [main] Instantiation the commonutils
2023-02-27 21:50:43,147 [INFO ] step_definitions.common_step_definition [main] Launch Browser
2023-02-27 21:50:43,282 [INFO ] step_definitions.common_step_definition [main] Instantiation the commonutils
2023-02-27 21:50:43,284 [INFO ] step_definitions.common_step_definition [main] Launch Browser
2023-02-27 21:50:43,468 [INFO ] step_definitions.common_step_definition [main] Instantiation the commonutils
2023-02-27 21:50:43,473 [INFO ] step_definitions.common_step_definition [main] Launch Browser
2023-02-27 21:50:43,601 [INFO ] step_definitions.common_step_definition [main] Instantiation the commonutils
2023-02-27 21:50:43,603 [INFO ] step_definitions.common_step_definition [main] Launch Browser
2023-02-27 21:50:43,853 [INFO ] step_definitions.common_step_definition [main] Instantiation the commonutils
2023-02-27 21:50:43,853 [INFO ] step_definitions.common_step_definition [main] Launch Browser
2023-02-27 21:50:43,928 [INFO ] step_definitions.common_step_definition [main] Instantiation the commonutils
2023-02-27 21:50:43,929 [INFO ] step_definitions.common_step_definition [main] Launch Browser
2023-02-27 21:50:44,052 [INFO ] step_definitions.common_step_definition [main] Instantiation the commonutils
2023-02-27 21:50:44,061 [INFO ] step_definitions.common_step_definition [main] Launch Browser
2023-02-27 21:50:44,106 [INFO ] step_definitions.common_step_definition [main] Instantiation the commonutils
2023-02-27 21:50:44,108 [INFO ] step_definitions.common_step_definition [main] Launch Browser
2023-02-27 21:50:44,227 [INFO ] step_definitions.common_step_definition [main] Instantiation the commonutils
2023-02-27 21:50:44,229 [INFO ] step_definitions.common_step_definition [main] Launch Browser
2023-02-27 21:50:44,287 [INFO ] step_definitions.common_step_definition [main] Instantiation the commonutils
2023-02-27 21:50:44,292 [INFO ] step_definitions.common_step_definition [main] Launch Browser
2023-02-27 21:50:44,385 [INFO ] step_definitions.common_step_definition [main] Instantiation the commonutils
2023-02-27 21:50:44,386 [INFO ] step_definitions.common_step_definition [main] Launch Browser
2023-02-27 21:50:44,495 [INFO ] step_definitions.common_step_definition [main] Instantiation the commonutils
2023-02-27 21:50:44,496 [INFO ] step_definitions.common_step_definition [main] Launch Browser
2023-02-27 21:50:44,563 [INFO ] step_definitions.common_step_definition [main] Instantiation the commonutils
2023-02-27 21:50:44,564 [INFO ] step_definitions.common_step_definition [main] Launch Browser
2023-02-27 21:50:44,662 [INFO ] step_definitions.common_step_definition [main] Instantiation the commonutils
2023-02-27 21:50:44,663 [INFO ] step_definitions.common_step_definition [main] Launch Browser
2023-02-27 21:50:44,724 [INFO ] step_definitions.common_step_definition [main] Instantiation the commonutils
2023-02-27 21:50:44,727 [INFO ] step_definitions.common_step_definition [main] Launch Browser
2023-02-27 21:50:44,796 [INFO ] step_definitions.common_step_definition [main] Instantiation the commonutils
2023-02-27 21:50:44,796 [INFO ] step_definitions.common_step_definition [main] Launch Browser
2023-02-27 21:50:44,843 [INFO ] step_definitions.common_step_definition [main] Instantiation the commonutils
2023-02-27 21:50:44,844 [INFO ] step_definitions.common_step_definition [main] Launch Browser
2023-02-27 21:50:44,892 [INFO ] step_definitions.common_step_definition [main] Instantiation the commonutils
2023-02-27 21:50:44,892 [INFO ] step_definitions.common_step_definition [main] Launch Browser
2023-02-27 21:50:44,931 [INFO ] step_definitions.common_step_definition [main] Instantiation the commonutils
2023-02-27 21:50:44,932 [INFO ] step_definitions.common_step_definition [main] Launch Browser
2023-02-27 21:50:45,013 [INFO ] step_definitions.common_step_definition [main] Instantiation the commonutils
2023-02-27 21:50:45,015 [INFO ] step_definitions.common_step_definition [main] Launch Browser
2023-02-27 21:50:45,135 [INFO ] step_definitions.common_step_definition [main] Instantiation the commonutils
2023-02-27 21:50:45,136 [INFO ] step_definitions.common_step_definition [main] Launch Browser
2023-02-27 21:50:45,165 [INFO ] step_definitions.common_step_definition [main] Instantiation the commonutils
2023-02-27 21:50:45,165 [INFO ] step_definitions.common_step_definition [main] Launch Browser
2023-02-27 21:50:46,202 [INFO ] step_definitions.common_step_definition [main] Instantiation the commonutils
2023-02-27 21:50:46,203 [INFO ] step_definitions.common_step_definition [main] Launch Browser
2023-02-27 21:50:47,233 [INFO ] step_definitions.common_step_definition [main] Instantiation the commonutils
2023-02-27 21:50:47,233 [INFO ] step_definitions.common_step_definition [main] Launch Browser
2023-02-27 21:50:49,264 [INFO ] step_definitions.common_step_definition [main] Instantiation the commonutils
2023-02-27 21:50:49,264 [INFO ] step_definitions.common_step_definition [main] Launch Browser
2023-02-27 21:50:51,294 [INFO ] step_definitions.common_step_definition [main] Instantiation the commonutils
2023-02-27 21:50:51,294 [INFO ] step_definitions.common_step_definition [main] Launch Browser
2023-02-27 21:50:52,325 [INFO ] step_definitions.common_step_definition [main] Instantiation the commonutils
2023-02-27 21:50:52,325 [INFO ] step_definitions.common_step_definition [main] Launch Browser
2023-02-27 21:50:54,364 [INFO ] step_definitions.common_step_definition [main] Instantiation the commonutils
2023-02-27 21:50:54,365 [INFO ] step_definitions.common_step_definition [main] Launch Browser
2023-02-27 21:50:56,393 [INFO ] step_definitions.common_step_definition [main] Instantiation the commonutils
2023-02-27 21:50:56,394 [INFO ] step_definitions.common_step_definition [main] Launch Browser
2023-02-27 21:50:57,420 [INFO ] step_definitions.common_step_definition [main] Instantiation the commonutils
2023-02-27 21:50:57,421 [INFO ] step_definitions.common_step_definition [main] Launch Browser
2023-02-27 21:50:59,459 [INFO ] step_definitions.common_step_definition [main] Instantiation the commonutils
2023-02-27 21:50:59,459 [INFO ] step_definitions.common_step_definition [main] Launch Browser
2023-02-27 21:50:59,479 [INFO ] step_definitions.common_step_definition [main] Instantiation the commonutils
2023-02-27 21:50:59,479 [INFO ] step_definitions.common_step_definition [main] Launch Browser
2023-02-27 21:50:59,498 [INFO ] step_definitions.common_step_definition [main] Instantiation the commonutils
2023-02-27 21:50:59,498 [INFO ] step_definitions.common_step_definition [main] Launch Browser
2023-02-27 21:50:59,515 [INFO ] step_definitions.common_step_definition [main] Instantiation the commonutils
2023-02-27 21:50:59,515 [INFO ] step_definitions.common_step_definition [main] Launch Browser
2023-02-27 21:50:59,532 [INFO ] step_definitions.common_step_definition [main] Instantiation the commonutils
2023-02-27 21:50:59,532 [INFO ] step_definitions.common_step_definition [main] Launch Browser
2023-02-27 21:50:59,567 [INFO ] step_definitions.common_step_definition [main] Instantiation the commonutils
2023-02-27 21:50:59,567 [INFO ] step_definitions.common_step_definition [main] Launch Browser
2023-02-27 21:51:01,595 [INFO ] step_definitions.common_step_definition [main] Instantiation the commonutils
2023-02-27 21:51:01,595 [INFO ] step_definitions.common_step_definition [main] Launch Browser
2023-02-27 21:51:01,614 [INFO ] step_definitions.common_step_definition [main] Instantiation the commonutils
2023-02-27 21:51:01,615 [INFO ] step_definitions.common_step_definition [main] Launch Browser
2023-02-27 21:51:01,630 [INFO ] step_definitions.common_step_definition [main] Instantiation the commonutils
2023-02-27 21:51:01,631 [INFO ] step_definitions.common_step_definition [main] Launch Browser
2023-02-27 21:51:03,655 [INFO ] step_definitions.common_step_definition [main] Instantiation the commonutils
2023-02-27 21:51:03,656 [INFO ] step_definitions.common_step_definition [main] Launch Browser
2023-02-27 21:51:03,684 [INFO ] step_definitions.common_step_definition [main] Instantiation the commonutils
2023-02-27 21:51:03,685 [INFO ] step_definitions.common_step_definition [main] Launch Browser
2023-02-27 21:51:03,719 [INFO ] step_definitions.common_step_definition [main] Instantiation the commonutils
2023-02-27 21:51:03,720 [INFO ] step_definitions.common_step_definition [main] Launch Browser
2023-02-27 21:51:05,742 [INFO ] step_definitions.common_step_definition [main] Instantiation the commonutils
2023-02-27 21:51:05,743 [INFO ] step_definitions.common_step_definition [main] Launch Browser
2023-02-27 21:51:05,778 [INFO ] step_definitions.common_step_definition [main] Instantiation the commonutils
2023-02-27 21:51:05,778 [INFO ] step_definitions.common_step_definition [main] Launch Browser
2023-02-27 21:51:05,815 [INFO ] step_definitions.common_step_definition [main] Instantiation the commonutils
2023-02-27 21:51:05,816 [INFO ] step_definitions.common_step_definition [main] Launch Browser
2023-02-27 21:51:05,965 [INFO ] step_definitions.common_step_definition [main] Instantiation the commonutils
2023-02-27 21:51:05,966 [INFO ] step_definitions.common_step_definition [main] Launch Browser
2023-02-27 21:51:05,997 [INFO ] step_definitions.common_step_definition [main] Instantiation the commonutils
2023-02-27 21:51:05,998 [INFO ] step_definitions.common_step_definition [main] Launch Browser
2023-02-27 21:51:06,055 [INFO ] step_definitions.common_step_definition [main] Instantiation the commonutils
2023-02-27 21:51:06,055 [INFO ] step_definitions.common_step_definition [main] Launch Browser
2023-02-27 21:51:06,107 [INFO ] step_definitions.common_step_definition [main] Instantiation the commonutils
2023-02-27 21:51:06,108 [INFO ] step_definitions.common_step_definition [main] Launch Browser
2023-02-27 21:51:06,205 [INFO ] step_definitions.common_step_definition [main] Instantiation the commonutils
2023-02-27 21:51:06,205 [INFO ] step_definitions.common_step_definition [main] Launch Browser
2023-02-27 21:51:08,275 [INFO ] step_definitions.common_step_definition [main] Instantiation the commonutils
2023-02-27 21:51:08,275 [INFO ] step_definitions.common_step_definition [main] Launch Browser
2023-02-27 21:51:08,299 [INFO ] step_definitions.common_step_definition [main] Instantiation the commonutils
2023-02-27 21:51:08,299 [INFO ] step_definitions.common_step_definition [main] Launch Browser
2023-02-27 21:51:08,344 [INFO ] step_definitions.common_step_definition [main] Instantiation the commonutils
2023-02-27 21:51:08,344 [INFO ] step_definitions.common_step_definition [main] Launch Browser
2023-02-27 21:59:04,677 [INFO ] step_definitions.common_step_definition [main] Instantiation the commonutils
2023-02-27 21:59:04,683 [INFO ] step_definitions.common_step_definition [main] Launch Browser
2023-02-27 21:59:10,139 [INFO ] step_definitions.common_step_definition [main] Instantiation the commonutils
2023-02-27 21:59:10,140 [INFO ] step_definitions.common_step_definition [main] Launch Browser
2023-02-27 21:59:13,665 [INFO ] step_definitions.common_step_definition [main] Instantiation the commonutils
2023-02-27 21:59:13,668 [INFO ] step_definitions.common_step_definition [main] Launch Browser
2023-02-27 21:59:13,814 [INFO ] step_definitions.common_step_definition [main] Instantiation the commonutils
2023-02-27 21:59:13,817 [INFO ] step_definitions.common_step_definition [main] Launch Browser
2023-02-27 21:59:13,944 [INFO ] step_definitions.common_step_definition [main] Instantiation the commonutils
2023-02-27 21:59:13,944 [INFO ] step_definitions.common_step_definition [main] Launch Browser
2023-02-27 21:59:14,073 [INFO ] step_definitions.common_step_definition [main] Instantiation the commonutils
2023-02-27 21:59:14,074 [INFO ] step_definitions.common_step_definition [main] Launch Browser
2023-02-27 21:59:14,212 [INFO ] step_definitions.common_step_definition [main] Instantiation the commonutils
2023-02-27 21:59:14,212 [INFO ] step_definitions.common_step_definition [main] Launch Browser
2023-02-27 21:59:14,326 [INFO ] step_definitions.common_step_definition [main] Instantiation the commonutils
2023-02-27 21:59:14,327 [INFO ] step_definitions.common_step_definition [main] Launch Browser
2023-02-27 21:59:14,444 [INFO ] step_definitions.common_step_definition [main] Instantiation the commonutils
2023-02-27 21:59:14,445 [INFO ] step_definitions.common_step_definition [main] Launch Browser
2023-02-27 21:59:14,506 [INFO ] step_definitions.common_step_definition [main] Instantiation the commonutils
2023-02-27 21:59:14,507 [INFO ] step_definitions.common_step_definition [main] Launch Browser
2023-02-27 21:59:14,566 [INFO ] step_definitions.common_step_definition [main] Instantiation the commonutils
2023-02-27 21:59:14,567 [INFO ] step_definitions.common_step_definition [main] Launch Browser
2023-02-27 21:59:14,657 [INFO ] step_definitions.common_step_definition [main] Instantiation the commonutils
2023-02-27 21:59:14,658 [INFO ] step_definitions.common_step_definition [main] Launch Browser
2023-02-27 21:59:14,722 [INFO ] step_definitions.common_step_definition [main] Instantiation the commonutils
2023-02-27 21:59:14,723 [INFO ] step_definitions.common_step_definition [main] Launch Browser
2023-02-27 21:59:14,787 [INFO ] step_definitions.common_step_definition [main] Instantiation the commonutils
2023-02-27 21:59:14,788 [INFO ] step_definitions.common_step_definition [main] Launch Browser
2023-02-27 21:59:14,898 [INFO ] step_definitions.common_step_definition [main] Instantiation the commonutils
2023-02-27 21:59:14,899 [INFO ] step_definitions.common_step_definition [main] Launch Browser
2023-02-27 21:59:15,013 [INFO ] step_definitions.common_step_definition [main] Instantiation the commonutils
2023-02-27 21:59:15,014 [INFO ] step_definitions.common_step_definition [main] Launch Browser
2023-02-27 21:59:15,015 [INFO ] step_definitions.Signin_stepdef [main] Test_suit_signin01
2023-02-27 21:59:15,065 [INFO ] step_definitions.common_step_definition [main] Instantiation the commonutils
2023-02-27 21:59:15,066 [INFO ] step_definitions.common_step_definition [main] Launch Browser
2023-02-27 21:59:15,069 [INFO ] step_definitions.Signin_stepdef [main] Test_suit_signin02
2023-02-27 21:59:15,170 [INFO ] step_definitions.common_step_definition [main] Instantiation the commonutils
2023-02-27 21:59:15,171 [INFO ] step_definitions.common_step_definition [main] Launch Browser
2023-02-27 21:59:15,178 [INFO ] step_definitions.Signin_stepdef [main] Test_suit_signin03
2023-02-27 21:59:15,275 [INFO ] step_definitions.common_step_definition [main] Instantiation the commonutils
2023-02-27 21:59:15,276 [INFO ] step_definitions.common_step_definition [main] Launch Browser
2023-02-27 21:59:15,278 [INFO ] step_definitions.Signin_stepdef [main] Test_suit_signin04
2023-02-27 21:59:15,495 [INFO ] step_definitions.common_step_definition [main] Instantiation the commonutils
2023-02-27 21:59:15,496 [INFO ] step_definitions.common_step_definition [main] Launch Browser
2023-02-27 21:59:15,573 [INFO ] step_definitions.common_step_definition [main] Instantiation the commonutils
2023-02-27 21:59:15,575 [INFO ] step_definitions.common_step_definition [main] Launch Browser
2023-02-27 21:59:15,626 [INFO ] step_definitions.common_step_definition [main] Instantiation the commonutils
2023-02-27 21:59:15,626 [INFO ] step_definitions.common_step_definition [main] Launch Browser
2023-02-27 21:59:15,673 [INFO ] step_definitions.common_step_definition [main] Instantiation the commonutils
2023-02-27 21:59:15,674 [INFO ] step_definitions.common_step_definition [main] Launch Browser
2023-02-27 21:59:15,710 [INFO ] step_definitions.common_step_definition [main] Instantiation the commonutils
2023-02-27 21:59:15,712 [INFO ] step_definitions.common_step_definition [main] Launch Browser
2023-02-27 21:59:15,759 [INFO ] step_definitions.common_step_definition [main] Instantiation the commonutils
2023-02-27 21:59:15,760 [INFO ] step_definitions.common_step_definition [main] Launch Browser
2023-02-27 21:59:15,815 [INFO ] step_definitions.common_step_definition [main] Instantiation the commonutils
2023-02-27 21:59:15,815 [INFO ] step_definitions.common_step_definition [main] Launch Browser
2023-02-27 21:59:15,873 [INFO ] step_definitions.common_step_definition [main] Instantiation the commonutils
2023-02-27 21:59:15,874 [INFO ] step_definitions.common_step_definition [main] Launch Browser
2023-02-27 21:59:16,049 [INFO ] step_definitions.common_step_definition [main] Instantiation the commonutils
2023-02-27 21:59:16,050 [INFO ] step_definitions.common_step_definition [main] Launch Browser
2023-02-27 21:59:16,124 [INFO ] step_definitions.common_step_definition [main] Instantiation the commonutils
2023-02-27 21:59:16,125 [INFO ] step_definitions.common_step_definition [main] Launch Browser
2023-02-27 21:59:16,176 [INFO ] step_definitions.common_step_definition [main] Instantiation the commonutils
2023-02-27 21:59:16,176 [INFO ] step_definitions.common_step_definition [main] Launch Browser
2023-02-27 21:59:16,224 [INFO ] step_definitions.common_step_definition [main] Instantiation the commonutils
2023-02-27 21:59:16,224 [INFO ] step_definitions.common_step_definition [main] Launch Browser
2023-02-27 21:59:16,276 [INFO ] step_definitions.common_step_definition [main] Instantiation the commonutils
2023-02-27 21:59:16,276 [INFO ] step_definitions.common_step_definition [main] Launch Browser
2023-02-27 21:59:16,323 [INFO ] step_definitions.common_step_definition [main] Instantiation the commonutils
2023-02-27 21:59:16,326 [INFO ] step_definitions.common_step_definition [main] Launch Browser
2023-02-27 21:59:16,415 [INFO ] step_definitions.common_step_definition [main] Instantiation the commonutils
2023-02-27 21:59:16,416 [INFO ] step_definitions.common_step_definition [main] Launch Browser
2023-02-27 21:59:16,468 [INFO ] step_definitions.common_step_definition [main] Instantiation the commonutils
2023-02-27 21:59:16,468 [INFO ] step_definitions.common_step_definition [main] Launch Browser
2023-02-27 21:59:16,503 [INFO ] step_definitions.common_step_definition [main] Instantiation the commonutils
2023-02-27 21:59:16,506 [INFO ] step_definitions.common_step_definition [main] Launch Browser
2023-02-27 21:59:16,547 [INFO ] step_definitions.common_step_definition [main] Instantiation the commonutils
2023-02-27 21:59:16,547 [INFO ] step_definitions.common_step_definition [main] Launch Browser
2023-02-27 21:59:16,587 [INFO ] step_definitions.common_step_definition [main] Instantiation the commonutils
2023-02-27 21:59:16,587 [INFO ] step_definitions.common_step_definition [main] Launch Browser
2023-02-27 21:59:16,613 [INFO ] step_definitions.common_step_definition [main] Instantiation the commonutils
2023-02-27 21:59:16,614 [INFO ] step_definitions.common_step_definition [main] Launch Browser
2023-02-27 21:59:16,654 [INFO ] step_definitions.common_step_definition [main] Instantiation the commonutils
2023-02-27 21:59:16,655 [INFO ] step_definitions.common_step_definition [main] Launch Browser
2023-02-27 21:59:16,739 [INFO ] step_definitions.common_step_definition [main] Instantiation the commonutils
2023-02-27 21:59:16,744 [INFO ] step_definitions.common_step_definition [main] Launch Browser
2023-02-27 21:59:16,812 [INFO ] step_definitions.common_step_definition [main] Instantiation the commonutils
2023-02-27 21:59:16,812 [INFO ] step_definitions.common_step_definition [main] Launch Browser
2023-02-27 21:59:16,890 [INFO ] step_definitions.common_step_definition [main] Instantiation the commonutils
2023-02-27 21:59:16,891 [INFO ] step_definitions.common_step_definition [main] Launch Browser
2023-02-27 21:59:16,985 [INFO ] step_definitions.common_step_definition [main] Instantiation the commonutils
2023-02-27 21:59:16,987 [INFO ] step_definitions.common_step_definition [main] Launch Browser
2023-02-27 21:59:17,063 [INFO ] step_definitions.common_step_definition [main] Instantiation the commonutils
2023-02-27 21:59:17,073 [INFO ] step_definitions.common_step_definition [main] Launch Browser
2023-02-27 21:59:17,277 [INFO ] step_definitions.common_step_definition [main] Instantiation the commonutils
2023-02-27 21:59:17,285 [INFO ] step_definitions.common_step_definition [main] Launch Browser
2023-02-27 21:59:17,434 [INFO ] step_definitions.common_step_definition [main] Instantiation the commonutils
2023-02-27 21:59:17,435 [INFO ] step_definitions.common_step_definition [main] Launch Browser
2023-02-27 21:59:17,502 [INFO ] step_definitions.common_step_definition [main] Instantiation the commonutils
2023-02-27 21:59:17,503 [INFO ] step_definitions.common_step_definition [main] Launch Browser
2023-02-27 21:59:17,604 [INFO ] step_definitions.common_step_definition [main] Instantiation the commonutils
2023-02-27 21:59:17,612 [INFO ] step_definitions.common_step_definition [main] Launch Browser
2023-02-27 21:59:17,686 [INFO ] step_definitions.common_step_definition [main] Instantiation the commonutils
2023-02-27 21:59:17,686 [INFO ] step_definitions.common_step_definition [main] Launch Browser
2023-02-27 21:59:18,722 [INFO ] step_definitions.common_step_definition [main] Instantiation the commonutils
2023-02-27 21:59:18,722 [INFO ] step_definitions.common_step_definition [main] Launch Browser
2023-02-27 21:59:19,745 [INFO ] step_definitions.common_step_definition [main] Instantiation the commonutils
2023-02-27 21:59:19,745 [INFO ] step_definitions.common_step_definition [main] Launch Browser
2023-02-27 21:59:21,772 [INFO ] step_definitions.common_step_definition [main] Instantiation the commonutils
2023-02-27 21:59:21,772 [INFO ] step_definitions.common_step_definition [main] Launch Browser
2023-02-27 21:59:23,804 [INFO ] step_definitions.common_step_definition [main] Instantiation the commonutils
2023-02-27 21:59:23,805 [INFO ] step_definitions.common_step_definition [main] Launch Browser
2023-02-27 21:59:24,837 [INFO ] step_definitions.common_step_definition [main] Instantiation the commonutils
2023-02-27 21:59:24,838 [INFO ] step_definitions.common_step_definition [main] Launch Browser
2023-02-27 21:59:26,863 [INFO ] step_definitions.common_step_definition [main] Instantiation the commonutils
2023-02-27 21:59:26,864 [INFO ] step_definitions.common_step_definition [main] Launch Browser
2023-02-27 21:59:28,899 [INFO ] step_definitions.common_step_definition [main] Instantiation the commonutils
2023-02-27 21:59:28,900 [INFO ] step_definitions.common_step_definition [main] Launch Browser
2023-02-27 21:59:29,935 [INFO ] step_definitions.common_step_definition [main] Instantiation the commonutils
2023-02-27 21:59:29,935 [INFO ] step_definitions.common_step_definition [main] Launch Browser
2023-02-27 21:59:31,961 [INFO ] step_definitions.common_step_definition [main] Instantiation the commonutils
2023-02-27 21:59:31,961 [INFO ] step_definitions.common_step_definition [main] Launch Browser
2023-02-27 21:59:31,980 [INFO ] step_definitions.common_step_definition [main] Instantiation the commonutils
2023-02-27 21:59:31,981 [INFO ] step_definitions.common_step_definition [main] Launch Browser
2023-02-27 21:59:32,000 [INFO ] step_definitions.common_step_definition [main] Instantiation the commonutils
2023-02-27 21:59:32,000 [INFO ] step_definitions.common_step_definition [main] Launch Browser
2023-02-27 21:59:32,015 [INFO ] step_definitions.common_step_definition [main] Instantiation the commonutils
2023-02-27 21:59:32,016 [INFO ] step_definitions.common_step_definition [main] Launch Browser
2023-02-27 21:59:32,030 [INFO ] step_definitions.common_step_definition [main] Instantiation the commonutils
2023-02-27 21:59:32,030 [INFO ] step_definitions.common_step_definition [main] Launch Browser
2023-02-27 21:59:32,048 [INFO ] step_definitions.common_step_definition [main] Instantiation the commonutils
2023-02-27 21:59:32,048 [INFO ] step_definitions.common_step_definition [main] Launch Browser
2023-02-27 21:59:34,068 [INFO ] step_definitions.common_step_definition [main] Instantiation the commonutils
2023-02-27 21:59:34,070 [INFO ] step_definitions.common_step_definition [main] Launch Browser
2023-02-27 21:59:34,085 [INFO ] step_definitions.common_step_definition [main] Instantiation the commonutils
2023-02-27 21:59:34,085 [INFO ] step_definitions.common_step_definition [main] Launch Browser
2023-02-27 21:59:34,104 [INFO ] step_definitions.common_step_definition [main] Instantiation the commonutils
2023-02-27 21:59:34,105 [INFO ] step_definitions.common_step_definition [main] Launch Browser
2023-02-27 21:59:36,128 [INFO ] step_definitions.common_step_definition [main] Instantiation the commonutils
2023-02-27 21:59:36,128 [INFO ] step_definitions.common_step_definition [main] Launch Browser
2023-02-27 21:59:36,143 [INFO ] step_definitions.common_step_definition [main] Instantiation the commonutils
2023-02-27 21:59:36,144 [INFO ] step_definitions.common_step_definition [main] Launch Browser
2023-02-27 21:59:36,171 [INFO ] step_definitions.common_step_definition [main] Instantiation the commonutils
2023-02-27 21:59:36,172 [INFO ] step_definitions.common_step_definition [main] Launch Browser
2023-02-27 21:59:38,191 [INFO ] step_definitions.common_step_definition [main] Instantiation the commonutils
2023-02-27 21:59:38,191 [INFO ] step_definitions.common_step_definition [main] Launch Browser
2023-02-27 21:59:38,206 [INFO ] step_definitions.common_step_definition [main] Instantiation the commonutils
2023-02-27 21:59:38,207 [INFO ] step_definitions.common_step_definition [main] Launch Browser
2023-02-27 21:59:38,232 [INFO ] step_definitions.common_step_definition [main] Instantiation the commonutils
2023-02-27 21:59:38,233 [INFO ] step_definitions.common_step_definition [main] Launch Browser
2023-02-27 21:59:38,255 [INFO ] step_definitions.common_step_definition [main] Instantiation the commonutils
2023-02-27 21:59:38,256 [INFO ] step_definitions.common_step_definition [main] Launch Browser
2023-02-27 21:59:38,273 [INFO ] step_definitions.common_step_definition [main] Instantiation the commonutils
2023-02-27 21:59:38,273 [INFO ] step_definitions.common_step_definition [main] Launch Browser
2023-02-27 21:59:38,295 [INFO ] step_definitions.common_step_definition [main] Instantiation the commonutils
2023-02-27 21:59:38,296 [INFO ] step_definitions.common_step_definition [main] Launch Browser
2023-02-27 21:59:38,326 [INFO ] step_definitions.common_step_definition [main] Instantiation the commonutils
2023-02-27 21:59:38,326 [INFO ] step_definitions.common_step_definition [main] Launch Browser
2023-02-27 21:59:38,366 [INFO ] step_definitions.common_step_definition [main] Instantiation the commonutils
2023-02-27 21:59:38,367 [INFO ] step_definitions.common_step_definition [main] Launch Browser
2023-02-27 21:59:40,400 [INFO ] step_definitions.common_step_definition [main] Instantiation the commonutils
2023-02-27 21:59:40,401 [INFO ] step_definitions.common_step_definition [main] Launch Browser
2023-02-27 21:59:40,424 [INFO ] step_definitions.common_step_definition [main] Instantiation the commonutils
2023-02-27 21:59:40,425 [INFO ] step_definitions.common_step_definition [main] Launch Browser
2023-02-27 21:59:40,451 [INFO ] step_definitions.common_step_definition [main] Instantiation the commonutils
2023-02-27 21:59:40,451 [INFO ] step_definitions.common_step_definition [main] Launch Browser
